<?xml version="1.0" encoding="UTF-8"?>
<testsuite name="com.mysite.MySiteApplicationTests" tests="1" skipped="0" failures="0" errors="0" timestamp="2022-04-03T01:19:19" hostname="DESKTOP-83C206P" time="0.337">
  <properties/>
  <testcase name="testJpa()" classname="com.mysite.MySiteApplicationTests" time="0.337"/>
  <system-out><![CDATA[10:19:15.301 [Test worker] DEBUG org.springframework.test.context.BootstrapUtils - Instantiating CacheAwareContextLoaderDelegate from class [org.springframework.test.context.cache.DefaultCacheAwareContextLoaderDelegate]
10:19:15.316 [Test worker] DEBUG org.springframework.test.context.BootstrapUtils - Instantiating BootstrapContext using constructor [public org.springframework.test.context.support.DefaultBootstrapContext(java.lang.Class,org.springframework.test.context.CacheAwareContextLoaderDelegate)]
10:19:15.348 [Test worker] DEBUG org.springframework.test.context.BootstrapUtils - Instantiating TestContextBootstrapper for test class [com.mysite.MySiteApplicationTests] from class [org.springframework.boot.test.context.SpringBootTestContextBootstrapper]
10:19:15.348 [Test worker] INFO org.springframework.boot.test.context.SpringBootTestContextBootstrapper - Neither @ContextConfiguration nor @ContextHierarchy found for test class [com.mysite.MySiteApplicationTests], using SpringBootContextLoader
10:19:15.363 [Test worker] DEBUG org.springframework.test.context.support.AbstractContextLoader - Did not detect default resource location for test class [com.mysite.MySiteApplicationTests]: class path resource [com/mysite/MySiteApplicationTests-context.xml] does not exist
10:19:15.363 [Test worker] DEBUG org.springframework.test.context.support.AbstractContextLoader - Did not detect default resource location for test class [com.mysite.MySiteApplicationTests]: class path resource [com/mysite/MySiteApplicationTestsContext.groovy] does not exist
10:19:15.363 [Test worker] INFO org.springframework.test.context.support.AbstractContextLoader - Could not detect default resource locations for test class [com.mysite.MySiteApplicationTests]: no resource found for suffixes {-context.xml, Context.groovy}.
10:19:15.363 [Test worker] INFO org.springframework.test.context.support.AnnotationConfigContextLoaderUtils - Could not detect default configuration classes for test class [com.mysite.MySiteApplicationTests]: MySiteApplicationTests does not declare any static, non-private, non-final, nested classes annotated with @Configuration.
10:19:15.394 [Test worker] DEBUG org.springframework.test.context.support.ActiveProfilesUtils - Could not find an 'annotation declaring class' for annotation type [org.springframework.test.context.ActiveProfiles] and class [com.mysite.MySiteApplicationTests]
10:19:15.473 [Test worker] DEBUG org.springframework.context.annotation.ClassPathScanningCandidateComponentProvider - Identified candidate component class: file [C:\work\intellij_projects\untitled1\build\classes\java\main\com\mysite\MySiteApplication.class]
10:19:15.473 [Test worker] INFO org.springframework.boot.test.context.SpringBootTestContextBootstrapper - Found @SpringBootConfiguration com.mysite.MySiteApplication for test class com.mysite.MySiteApplicationTests
10:19:15.566 [Test worker] DEBUG org.springframework.boot.test.context.SpringBootTestContextBootstrapper - @TestExecutionListeners is not present for class [com.mysite.MySiteApplicationTests]: using defaults.
10:19:15.566 [Test worker] INFO org.springframework.boot.test.context.SpringBootTestContextBootstrapper - Loaded default TestExecutionListener class names from location [META-INF/spring.factories]: [org.springframework.boot.test.autoconfigure.restdocs.RestDocsTestExecutionListener, org.springframework.boot.test.autoconfigure.web.client.MockRestServiceServerResetTestExecutionListener, org.springframework.boot.test.autoconfigure.web.servlet.MockMvcPrintOnlyOnFailureTestExecutionListener, org.springframework.boot.test.autoconfigure.web.servlet.WebDriverTestExecutionListener, org.springframework.boot.test.autoconfigure.webservices.client.MockWebServiceServerTestExecutionListener, org.springframework.boot.test.mock.mockito.MockitoTestExecutionListener, org.springframework.boot.test.mock.mockito.ResetMocksTestExecutionListener, org.springframework.test.context.web.ServletTestExecutionListener, org.springframework.test.context.support.DirtiesContextBeforeModesTestExecutionListener, org.springframework.test.context.event.ApplicationEventsTestExecutionListener, org.springframework.test.context.support.DependencyInjectionTestExecutionListener, org.springframework.test.context.support.DirtiesContextTestExecutionListener, org.springframework.test.context.transaction.TransactionalTestExecutionListener, org.springframework.test.context.jdbc.SqlScriptsTestExecutionListener, org.springframework.test.context.event.EventPublishingTestExecutionListener]
10:19:15.582 [Test worker] INFO org.springframework.boot.test.context.SpringBootTestContextBootstrapper - Using TestExecutionListeners: [org.springframework.test.context.web.ServletTestExecutionListener@214b0a0, org.springframework.test.context.support.DirtiesContextBeforeModesTestExecutionListener@4ec642d9, org.springframework.test.context.event.ApplicationEventsTestExecutionListener@2c44ccd9, org.springframework.boot.test.mock.mockito.MockitoTestExecutionListener@428ddacb, org.springframework.boot.test.autoconfigure.SpringBootDependencyInjectionTestExecutionListener@65bbe38a, org.springframework.test.context.support.DirtiesContextTestExecutionListener@1917b56e, org.springframework.test.context.transaction.TransactionalTestExecutionListener@133f9091, org.springframework.test.context.jdbc.SqlScriptsTestExecutionListener@3fc84bbf, org.springframework.test.context.event.EventPublishingTestExecutionListener@5d5487f, org.springframework.boot.test.autoconfigure.restdocs.RestDocsTestExecutionListener@21cd316e, org.springframework.boot.test.autoconfigure.web.client.MockRestServiceServerResetTestExecutionListener@4e9986de, org.springframework.boot.test.autoconfigure.web.servlet.MockMvcPrintOnlyOnFailureTestExecutionListener@33f1a901, org.springframework.boot.test.autoconfigure.web.servlet.WebDriverTestExecutionListener@1cc899b0, org.springframework.boot.test.autoconfigure.webservices.client.MockWebServiceServerTestExecutionListener@54469d06, org.springframework.boot.test.mock.mockito.ResetMocksTestExecutionListener@566b5e26]
10:19:15.582 [Test worker] DEBUG org.springframework.test.context.support.AbstractDirtiesContextTestExecutionListener - Before test class: context [DefaultTestContext@3951e48e testClass = MySiteApplicationTests, testInstance = [null], testMethod = [null], testException = [null], mergedContextConfiguration = [WebMergedContextConfiguration@25501b85 testClass = MySiteApplicationTests, locations = '{}', classes = '{class com.mysite.MySiteApplication}', contextInitializerClasses = '[]', activeProfiles = '{}', propertySourceLocations = '{}', propertySourceProperties = '{org.springframework.boot.test.context.SpringBootTestContextBootstrapper=true}', contextCustomizers = set[org.springframework.boot.test.autoconfigure.actuate.metrics.MetricsExportContextCustomizerFactory$DisableMetricExportContextCustomizer@2c67e8ae, org.springframework.boot.test.autoconfigure.properties.PropertyMappingContextCustomizer@0, org.springframework.boot.test.autoconfigure.web.servlet.WebDriverContextCustomizerFactory$Customizer@316990ae, org.springframework.boot.test.context.filter.ExcludeFilterContextCustomizer@28f5bfba, org.springframework.boot.test.json.DuplicateJsonObjectContextCustomizerFactory$DuplicateJsonObjectContextCustomizer@1417591d, org.springframework.boot.test.mock.mockito.MockitoContextCustomizer@0, org.springframework.boot.test.web.client.TestRestTemplateContextCustomizer@149b6166, org.springframework.boot.test.context.SpringBootTestArgs@1, org.springframework.boot.test.context.SpringBootTestWebEnvironment@4acec156], resourceBasePath = 'src/main/webapp', contextLoader = 'org.springframework.boot.test.context.SpringBootContextLoader', parent = [null]], attributes = map['org.springframework.test.context.web.ServletTestExecutionListener.activateListener' -> true]], class annotated with @DirtiesContext [false] with mode [null].

  .   ____          _            __ _ _
 /\\ / ___'_ __ _ _(_)_ __  __ _ \ \ \ \
( ( )\___ | '_ | '_| | '_ \/ _` | \ \ \ \
 \\/  ___)| |_)| | | | | || (_| |  ) ) ) )
  '  |____| .__|_| |_|_| |_\__, | / / / /
 =========|_|==============|___/=/_/_/_/
 :: Spring Boot ::                (v2.6.5)

2022-04-03 10:19:15.905  INFO 8828 --- [    Test worker] com.mysite.MySiteApplicationTests        : Starting MySiteApplicationTests using Java 16.0.1 on DESKTOP-83C206P with PID 8828 (started by Administrator in C:\work\intellij_projects\untitled1)
2022-04-03 10:19:15.905  INFO 8828 --- [    Test worker] com.mysite.MySiteApplicationTests        : No active profile set, falling back to 1 default profile: "default"
2022-04-03 10:19:16.621  INFO 8828 --- [    Test worker] .s.d.r.c.RepositoryConfigurationDelegate : Bootstrapping Spring Data JPA repositories in DEFAULT mode.
2022-04-03 10:19:16.684  INFO 8828 --- [    Test worker] .s.d.r.c.RepositoryConfigurationDelegate : Finished Spring Data repository scanning in 50 ms. Found 2 JPA repository interfaces.
2022-04-03 10:19:17.313  INFO 8828 --- [    Test worker] o.hibernate.jpa.internal.util.LogHelper  : HHH000204: Processing PersistenceUnitInfo [name: default]
2022-04-03 10:19:17.376  INFO 8828 --- [    Test worker] org.hibernate.Version                    : HHH000412: Hibernate ORM core version 5.6.7.Final
2022-04-03 10:19:17.535  INFO 8828 --- [    Test worker] o.hibernate.annotations.common.Version   : HCANN000001: Hibernate Commons Annotations {5.1.2.Final}
2022-04-03 10:19:17.626  INFO 8828 --- [    Test worker] com.zaxxer.hikari.HikariDataSource       : HikariPool-1 - Starting...
2022-04-03 10:19:17.720  INFO 8828 --- [    Test worker] com.zaxxer.hikari.HikariDataSource       : HikariPool-1 - Start completed.
2022-04-03 10:19:17.751  INFO 8828 --- [    Test worker] org.hibernate.dialect.Dialect            : HHH000400: Using dialect: org.hibernate.dialect.MariaDB103Dialect
2022-04-03 10:19:18.282  INFO 8828 --- [    Test worker] o.h.e.t.j.p.i.JtaPlatformInitiator       : HHH000490: Using JtaPlatform implementation: [org.hibernate.engine.transaction.jta.platform.internal.NoJtaPlatform]
2022-04-03 10:19:18.282  INFO 8828 --- [    Test worker] j.LocalContainerEntityManagerFactoryBean : Initialized JPA EntityManagerFactory for persistence unit 'default'
2022-04-03 10:19:18.517  WARN 8828 --- [    Test worker] JpaBaseConfiguration$JpaWebConfiguration : spring.jpa.open-in-view is enabled by default. Therefore, database queries may be performed during view rendering. Explicitly configure spring.jpa.open-in-view to disable this warning
2022-04-03 10:19:19.470  INFO 8828 --- [    Test worker] com.mysite.MySiteApplicationTests        : Started MySiteApplicationTests in 3.849 seconds (JVM running for 5.041)
Hibernate: 
    /* select
        generatedAlias0 
    from
        Question as generatedAlias0 */ select
            question0_.id as id1_1_,
            question0_.content as content2_1_,
            question0_.create_date as create_d3_1_,
            question0_.subject as subject4_1_ 
        from
            question question0_
2022-04-03 10:19:19.798 TRACE 8828 --- [    Test worker] o.h.type.descriptor.sql.BasicExtractor   : extracted value ([id1_1_] : [INTEGER]) - [1]
2022-04-03 10:19:19.798 TRACE 8828 --- [    Test worker] o.h.type.descriptor.sql.BasicExtractor   : extracted value ([content2_1_] : [VARCHAR]) - [sbb에 대해서 알고 싶습니다.]
2022-04-03 10:19:19.798 TRACE 8828 --- [    Test worker] o.h.type.descriptor.sql.BasicExtractor   : extracted value ([create_d3_1_] : [TIMESTAMP]) - [2022-04-03T10:13:05.335111]
2022-04-03 10:19:19.798 TRACE 8828 --- [    Test worker] o.h.type.descriptor.sql.BasicExtractor   : extracted value ([subject4_1_] : [VARCHAR]) - [sbb가 무엇인가요?]
2022-04-03 10:19:19.798 TRACE 8828 --- [    Test worker] o.h.type.descriptor.sql.BasicExtractor   : extracted value ([id1_1_] : [INTEGER]) - [2]
2022-04-03 10:19:19.798 TRACE 8828 --- [    Test worker] o.h.type.descriptor.sql.BasicExtractor   : extracted value ([content2_1_] : [VARCHAR]) - [id는 자동으로 생성되나요?]
2022-04-03 10:19:19.798 TRACE 8828 --- [    Test worker] o.h.type.descriptor.sql.BasicExtractor   : extracted value ([create_d3_1_] : [TIMESTAMP]) - [2022-04-03T10:13:05.381987]
2022-04-03 10:19:19.798 TRACE 8828 --- [    Test worker] o.h.type.descriptor.sql.BasicExtractor   : extracted value ([subject4_1_] : [VARCHAR]) - [스프링부트 모델 질문입니다.]
]]></system-out>
  <system-err><![CDATA[]]></system-err>
</testsuite>
